<?xml version="1.0" encoding="UTF-8"?>
<testng-results ignored="0" total="2" passed="2" failed="0" skipped="0">
  <reporter-output>
  </reporter-output>
  <suite started-at="2023-04-03T18:28:24 IST" name="Suite" finished-at="2023-04-03T18:28:39 IST" duration-ms="15480">
    <groups>
    </groups>
    <test started-at="2023-04-03T18:28:24 IST" name="Test" finished-at="2023-04-03T18:28:39 IST" duration-ms="15480">
      <class name="ASTest">
        <test-method signature="HomepageCheck()[pri:0, instance:ASTest@3541cb24]" started-at="2023-04-03T18:28:24 IST" name="HomepageCheck" finished-at="2023-04-03T18:28:36 IST" duration-ms="12067" status="PASS">
          <reporter-output>
          </reporter-output>
        </test-method> <!-- HomepageCheck -->
      </class> <!-- ASTest -->
      <class name="GoogleTest">
        <test-method signature="HomepageCheck()[pri:0, instance:GoogleTest@7671cb68]" started-at="2023-04-03T18:28:24 IST" name="HomepageCheck" finished-at="2023-04-03T18:28:39 IST" duration-ms="15424" status="PASS">
          <reporter-output>
          </reporter-output>
        </test-method> <!-- HomepageCheck -->
      </class> <!-- GoogleTest -->
    </test> <!-- Test -->
  </suite> <!-- Suite -->
</testng-results>
